<?xml version="1.0" encoding="UTF-8"?>
<!-- Generated by org.testng.reporters.JUnitXMLReporter -->
<testsuite ignored="0" hostname="Sriharsha" failures="1" tests="3" name="Test" time="6.185" errors="0" timestamp="2023-08-04T15:02:06 IST">
  <testcase classname="com.qa.testscript.Flipkart_001" name="checkPopUpCloseButton" time="0.169"/>
  <testcase classname="com.qa.testscript.Flipkart_001" name="checkPosition" time="0.14"/>
  <testcase classname="com.qa.testscript.Flipkart_001" name="checkSearch" time="5.634">
    <failure type="java.lang.AssertionError" message="Not Naviagted to correct page expected [true] but found [false]">
      <![CDATA[java.lang.AssertionError: Not Naviagted to correct page expected [true] but found [false]
at com.qa.testscript.Flipkart_001.checkSearch(Flipkart_001.java:70)
at java.base/java.util.ArrayList.forEach(ArrayList.java:1511)
... Removed 28 stack frames]]>
    </failure>
  </testcase> <!-- checkSearch -->
</testsuite> <!-- Test -->
