<?xml version="1.0" encoding="UTF-8"?>
<testng-results ignored="0" total="3" passed="2" failed="1" skipped="0">
  <reporter-output>
  </reporter-output>
  <suite started-at="2023-08-04T15:01:59 IST" name="Suite" finished-at="2023-08-04T15:02:05 IST" duration-ms="6185">
    <groups>
    </groups>
    <test started-at="2023-08-04T15:01:59 IST" name="Test" finished-at="2023-08-04T15:02:05 IST" duration-ms="6185">
      <class name="com.qa.testscript.Flipkart_001">
        <test-method is-config="true" signature="setUp(java.lang.String,java.lang.String)[pri:0, instance:com.qa.testscript.Flipkart_001@77888435]" started-at="2023-08-04T15:01:55 IST" name="setUp" finished-at="2023-08-04T15:01:59 IST" duration-ms="3708" status="PASS">
          <params>
            <param index="0">
              <value>
                <![CDATA[Chrome]]>
              </value>
            </param>
            <param index="1">
              <value>
                <![CDATA[https://www.flipkart.com/]]>
              </value>
            </param>
          </params>
          <reporter-output>
          </reporter-output>
        </test-method> <!-- setUp -->
        <test-method signature="checkPopUpCloseButton()[pri:0, instance:com.qa.testscript.Flipkart_001@77888435]" started-at="2023-08-04T15:01:59 IST" name="checkPopUpCloseButton" finished-at="2023-08-04T15:01:59 IST" duration-ms="169" status="PASS">
          <reporter-output>
          </reporter-output>
        </test-method> <!-- checkPopUpCloseButton -->
        <test-method signature="checkPosition()[pri:1, instance:com.qa.testscript.Flipkart_001@77888435]" started-at="2023-08-04T15:01:59 IST" name="checkPosition" finished-at="2023-08-04T15:01:59 IST" depends-on-methods="com.qa.testscript.Flipkart_001.checkPopUpCloseButton" duration-ms="140" status="PASS">
          <reporter-output>
          </reporter-output>
        </test-method> <!-- checkPosition -->
        <test-method signature="checkSearch()[pri:2, instance:com.qa.testscript.Flipkart_001@77888435]" started-at="2023-08-04T15:01:59 IST" name="checkSearch" finished-at="2023-08-04T15:02:05 IST" depends-on-methods="com.qa.testscript.Flipkart_001.checkPopUpCloseButton" duration-ms="5634" status="FAIL">
          <exception class="java.lang.AssertionError">
            <message>
              <![CDATA[Not Naviagted to correct page expected [true] but found [false]]]>
            </message>
            <full-stacktrace>
              <![CDATA[java.lang.AssertionError: Not Naviagted to correct page expected [true] but found [false]
at org.testng.Assert.fail(Assert.java:110)
at org.testng.Assert.failNotEquals(Assert.java:1413)
at org.testng.Assert.assertTrue(Assert.java:56)
at com.qa.testscript.Flipkart_001.checkSearch(Flipkart_001.java:70)
at java.base/jdk.internal.reflect.DirectMethodHandleAccessor.invoke(DirectMethodHandleAccessor.java:104)
at java.base/java.lang.reflect.Method.invoke(Method.java:578)
at org.testng.internal.invokers.MethodInvocationHelper.invokeMethod(MethodInvocationHelper.java:139)
at org.testng.internal.invokers.TestInvoker.invokeMethod(TestInvoker.java:677)
at org.testng.internal.invokers.TestInvoker.invokeTestMethod(TestInvoker.java:221)
at org.testng.internal.invokers.MethodRunner.runInSequence(MethodRunner.java:50)
at org.testng.internal.invokers.TestInvoker$MethodInvocationAgent.invoke(TestInvoker.java:962)
at org.testng.internal.invokers.TestInvoker.invokeTestMethods(TestInvoker.java:194)
at org.testng.internal.invokers.TestMethodWorker.invokeTestMethods(TestMethodWorker.java:148)
at org.testng.internal.invokers.TestMethodWorker.run(TestMethodWorker.java:128)
at java.base/java.util.ArrayList.forEach(ArrayList.java:1511)
at org.testng.TestRunner.privateRun(TestRunner.java:806)
at org.testng.TestRunner.run(TestRunner.java:601)
at org.testng.SuiteRunner.runTest(SuiteRunner.java:433)
at org.testng.SuiteRunner.runSequentially(SuiteRunner.java:427)
at org.testng.SuiteRunner.privateRun(SuiteRunner.java:387)
at org.testng.SuiteRunner.run(SuiteRunner.java:330)
at org.testng.SuiteRunnerWorker.runSuite(SuiteRunnerWorker.java:52)
at org.testng.SuiteRunnerWorker.run(SuiteRunnerWorker.java:95)
at org.testng.TestNG.runSuitesSequentially(TestNG.java:1256)
at org.testng.TestNG.runSuitesLocally(TestNG.java:1176)
at org.testng.TestNG.runSuites(TestNG.java:1099)
at org.testng.TestNG.run(TestNG.java:1067)
at org.testng.remote.AbstractRemoteTestNG.run(AbstractRemoteTestNG.java:115)
at org.testng.remote.RemoteTestNG.initAndRun(RemoteTestNG.java:251)
at org.testng.remote.RemoteTestNG.main(RemoteTestNG.java:77)
]]>
            </full-stacktrace>
          </exception> <!-- java.lang.AssertionError -->
          <reporter-output>
          </reporter-output>
        </test-method> <!-- checkSearch -->
        <test-method is-config="true" signature="tearDown()[pri:0, instance:com.qa.testscript.Flipkart_001@77888435]" started-at="2023-08-04T15:02:06 IST" name="tearDown" finished-at="2023-08-04T15:02:07 IST" duration-ms="977" status="PASS">
          <reporter-output>
          </reporter-output>
        </test-method> <!-- tearDown -->
      </class> <!-- com.qa.testscript.Flipkart_001 -->
    </test> <!-- Test -->
  </suite> <!-- Suite -->
</testng-results>
